::1 - - [08/Mar/2016:00:49:35 +0000] "GET / HTTP/1.1" 200 2316 "-" "Mozilla/5.0 (Windows NT 6.1; Win64; x64) AppleWebKit/537.36 (KHTML, like Gecko) Chrome/46.0.2487.0 Safari/537.36"
::1 - - [08/Mar/2016:00:49:35 +0000] "GET /js/require.config.js HTTP/1.1" 200 1108 "http://localhost:9000/" "Mozilla/5.0 (Windows NT 6.1; Win64; x64) AppleWebKit/537.36 (KHTML, like Gecko) Chrome/46.0.2487.0 Safari/537.36"
::1 - - [08/Mar/2016:00:49:35 +0000] "GET /favicon.ico HTTP/1.1" 404 24 "http://localhost:9000/" "Mozilla/5.0 (Windows NT 6.1; Win64; x64) AppleWebKit/537.36 (KHTML, like Gecko) Chrome/46.0.2487.0 Safari/537.36"
::1 - - [08/Mar/2016:00:49:54 +0000] "GET / HTTP/1.1" 304 - "-" "Mozilla/5.0 (Windows NT 6.1; Win64; x64) AppleWebKit/537.36 (KHTML, like Gecko) Chrome/46.0.2487.0 Safari/537.36"
::1 - - [08/Mar/2016:00:49:54 +0000] "GET /js/require.config.js HTTP/1.1" 304 - "http://localhost:9000/" "Mozilla/5.0 (Windows NT 6.1; Win64; x64) AppleWebKit/537.36 (KHTML, like Gecko) Chrome/46.0.2487.0 Safari/537.36"
::1 - - [08/Mar/2016:00:49:55 +0000] "GET /js/app/main.js HTTP/1.1" 200 396 "http://localhost:9000/" "Mozilla/5.0 (Windows NT 6.1; Win64; x64) AppleWebKit/537.36 (KHTML, like Gecko) Chrome/46.0.2487.0 Safari/537.36"
::1 - - [08/Mar/2016:00:49:55 +0000] "GET /js/app/app.module.js HTTP/1.1" 200 272 "http://localhost:9000/" "Mozilla/5.0 (Windows NT 6.1; Win64; x64) AppleWebKit/537.36 (KHTML, like Gecko) Chrome/46.0.2487.0 Safari/537.36"
::1 - - [08/Mar/2016:00:49:55 +0000] "GET /js/app/appComponents/main.js HTTP/1.1" 200 105 "http://localhost:9000/" "Mozilla/5.0 (Windows NT 6.1; Win64; x64) AppleWebKit/537.36 (KHTML, like Gecko) Chrome/46.0.2487.0 Safari/537.36"
::1 - - [08/Mar/2016:00:49:55 +0000] "GET /js/app/app.controller.js HTTP/1.1" 200 320 "http://localhost:9000/" "Mozilla/5.0 (Windows NT 6.1; Win64; x64) AppleWebKit/537.36 (KHTML, like Gecko) Chrome/46.0.2487.0 Safari/537.36"
::1 - - [08/Mar/2016:00:49:55 +0000] "GET /js/app/app.config.js HTTP/1.1" 200 971 "http://localhost:9000/" "Mozilla/5.0 (Windows NT 6.1; Win64; x64) AppleWebKit/537.36 (KHTML, like Gecko) Chrome/46.0.2487.0 Safari/537.36"
::1 - - [08/Mar/2016:00:49:55 +0000] "GET /js/app/appComponents/miniGame/main.js HTTP/1.1" 200 278 "http://localhost:9000/" "Mozilla/5.0 (Windows NT 6.1; Win64; x64) AppleWebKit/537.36 (KHTML, like Gecko) Chrome/46.0.2487.0 Safari/537.36"
::1 - - [08/Mar/2016:00:49:55 +0000] "GET /js/app/appComponents/lol/main.js HTTP/1.1" 200 238 "http://localhost:9000/" "Mozilla/5.0 (Windows NT 6.1; Win64; x64) AppleWebKit/537.36 (KHTML, like Gecko) Chrome/46.0.2487.0 Safari/537.36"
::1 - - [08/Mar/2016:00:49:55 +0000] "GET /js/app/appComponents/miniGame/miniGame.module.js HTTP/1.1" 200 127 "http://localhost:9000/" "Mozilla/5.0 (Windows NT 6.1; Win64; x64) AppleWebKit/537.36 (KHTML, like Gecko) Chrome/46.0.2487.0 Safari/537.36"
::1 - - [08/Mar/2016:00:49:55 +0000] "GET /js/app/appComponents/miniGame/miniGame.controller.js HTTP/1.1" 200 351 "http://localhost:9000/" "Mozilla/5.0 (Windows NT 6.1; Win64; x64) AppleWebKit/537.36 (KHTML, like Gecko) Chrome/46.0.2487.0 Safari/537.36"
::1 - - [08/Mar/2016:00:49:55 +0000] "GET /js/app/appComponents/miniGame/miniGame.config.js HTTP/1.1" 200 866 "http://localhost:9000/" "Mozilla/5.0 (Windows NT 6.1; Win64; x64) AppleWebKit/537.36 (KHTML, like Gecko) Chrome/46.0.2487.0 Safari/537.36"
::1 - - [08/Mar/2016:00:49:55 +0000] "GET /js/app/appComponents/miniGame/directives/fighter.directive.js HTTP/1.1" 200 2328 "http://localhost:9000/" "Mozilla/5.0 (Windows NT 6.1; Win64; x64) AppleWebKit/537.36 (KHTML, like Gecko) Chrome/46.0.2487.0 Safari/537.36"
::1 - - [08/Mar/2016:00:49:55 +0000] "GET /js/app/appComponents/miniGame/directives/clickDemo.directive.js HTTP/1.1" 200 1645 "http://localhost:9000/" "Mozilla/5.0 (Windows NT 6.1; Win64; x64) AppleWebKit/537.36 (KHTML, like Gecko) Chrome/46.0.2487.0 Safari/537.36"
::1 - - [08/Mar/2016:00:49:55 +0000] "GET /js/app/appComponents/lol/lol.module.js HTTP/1.1" 200 163 "http://localhost:9000/" "Mozilla/5.0 (Windows NT 6.1; Win64; x64) AppleWebKit/537.36 (KHTML, like Gecko) Chrome/46.0.2487.0 Safari/537.36"
::1 - - [08/Mar/2016:00:49:55 +0000] "GET /js/app/appComponents/miniGame/directives/tiling.directive.js HTTP/1.1" 200 1601 "http://localhost:9000/" "Mozilla/5.0 (Windows NT 6.1; Win64; x64) AppleWebKit/537.36 (KHTML, like Gecko) Chrome/46.0.2487.0 Safari/537.36"
::1 - - [08/Mar/2016:00:49:55 +0000] "GET /js/bower_components/jquery/dist/jquery.js HTTP/1.1" 200 305225 "http://localhost:9000/" "Mozilla/5.0 (Windows NT 6.1; Win64; x64) AppleWebKit/537.36 (KHTML, like Gecko) Chrome/46.0.2487.0 Safari/537.36"
::1 - - [08/Mar/2016:00:49:55 +0000] "GET /js/app/appComponents/lol/lol.controller.js HTTP/1.1" 200 2442 "http://localhost:9000/" "Mozilla/5.0 (Windows NT 6.1; Win64; x64) AppleWebKit/537.36 (KHTML, like Gecko) Chrome/46.0.2487.0 Safari/537.36"
::1 - - [08/Mar/2016:00:49:55 +0000] "GET /js/app/appComponents/lol/directives/gameList.directive.js HTTP/1.1" 200 3658 "http://localhost:9000/" "Mozilla/5.0 (Windows NT 6.1; Win64; x64) AppleWebKit/537.36 (KHTML, like Gecko) Chrome/46.0.2487.0 Safari/537.36"
::1 - - [08/Mar/2016:00:49:55 +0000] "GET /js/app/appComponents/lol/services/game.data.service.js HTTP/1.1" 200 2481 "http://localhost:9000/" "Mozilla/5.0 (Windows NT 6.1; Win64; x64) AppleWebKit/537.36 (KHTML, like Gecko) Chrome/46.0.2487.0 Safari/537.36"
::1 - - [08/Mar/2016:00:49:55 +0000] "GET /js/app/appComponents/lol/services/champion.data.service.js HTTP/1.1" 200 1936 "http://localhost:9000/" "Mozilla/5.0 (Windows NT 6.1; Win64; x64) AppleWebKit/537.36 (KHTML, like Gecko) Chrome/46.0.2487.0 Safari/537.36"
::1 - - [08/Mar/2016:00:49:55 +0000] "GET /js/thirdParty/pixi/pixi.min.js HTTP/1.1" 200 291741 "http://localhost:9000/" "Mozilla/5.0 (Windows NT 6.1; Win64; x64) AppleWebKit/537.36 (KHTML, like Gecko) Chrome/46.0.2487.0 Safari/537.36"
::1 - - [08/Mar/2016:00:49:55 +0000] "GET /js/bower_components/angular/angular.js HTTP/1.1" 200 1121788 "http://localhost:9000/" "Mozilla/5.0 (Windows NT 6.1; Win64; x64) AppleWebKit/537.36 (KHTML, like Gecko) Chrome/46.0.2487.0 Safari/537.36"
::1 - - [08/Mar/2016:00:49:55 +0000] "GET /js/bower_components/angular-ui-router/release/angular-ui-router.js HTTP/1.1" 200 174408 "http://localhost:9000/" "Mozilla/5.0 (Windows NT 6.1; Win64; x64) AppleWebKit/537.36 (KHTML, like Gecko) Chrome/46.0.2487.0 Safari/537.36"
::1 - - [08/Mar/2016:00:49:55 +0000] "GET /js/app/views/main.html HTTP/1.1" 200 76 "http://localhost:9000/" "Mozilla/5.0 (Windows NT 6.1; Win64; x64) AppleWebKit/537.36 (KHTML, like Gecko) Chrome/46.0.2487.0 Safari/537.36"
::1 - - [08/Mar/2016:00:50:03 +0000] "GET /js/app/appComponents/lol/views/lol.html HTTP/1.1" 200 646 "http://localhost:9000/" "Mozilla/5.0 (Windows NT 6.1; Win64; x64) AppleWebKit/537.36 (KHTML, like Gecko) Chrome/46.0.2487.0 Safari/537.36"
::1 - - [08/Mar/2016:00:50:03 +0000] "GET /js/app/appComponents/lol/views/gameList.tmpl.html HTTP/1.1" 200 855 "http://localhost:9000/" "Mozilla/5.0 (Windows NT 6.1; Win64; x64) AppleWebKit/537.36 (KHTML, like Gecko) Chrome/46.0.2487.0 Safari/537.36"
::1 - - [08/Mar/2016:00:50:03 +0000] "GET /js/app/appComponents/lol/services/championList.json HTTP/1.1" 200 31413 "http://localhost:9000/" "Mozilla/5.0 (Windows NT 6.1; Win64; x64) AppleWebKit/537.36 (KHTML, like Gecko) Chrome/46.0.2487.0 Safari/537.36"
::1 - - [08/Mar/2016:00:50:08 +0000] "GET /js/app/appComponents/miniGame/views/miniGame.temp.html HTTP/1.1" 200 720 "http://localhost:9000/" "Mozilla/5.0 (Windows NT 6.1; Win64; x64) AppleWebKit/537.36 (KHTML, like Gecko) Chrome/46.0.2487.0 Safari/537.36"
::1 - - [08/Mar/2016:00:50:11 +0000] "GET /js/app/appComponents/miniGame/data/smp-shol25.jpg HTTP/1.1" 200 15747 "http://localhost:9000/" "Mozilla/5.0 (Windows NT 6.1; Win64; x64) AppleWebKit/537.36 (KHTML, like Gecko) Chrome/46.0.2487.0 Safari/537.36"
::1 - - [08/Mar/2016:00:50:13 +0000] "GET /js/app/appComponents/miniGame/data/fighter.json HTTP/1.1" 200 11407 "http://localhost:9000/" "Mozilla/5.0 (Windows NT 6.1; Win64; x64) AppleWebKit/537.36 (KHTML, like Gecko) Chrome/46.0.2487.0 Safari/537.36"
::1 - - [08/Mar/2016:00:50:13 +0000] "GET /js/app/appComponents/miniGame/data/fighter.png HTTP/1.1" 200 1157421 "http://localhost:9000/" "Mozilla/5.0 (Windows NT 6.1; Win64; x64) AppleWebKit/537.36 (KHTML, like Gecko) Chrome/46.0.2487.0 Safari/537.36"
::1 - - [08/Mar/2016:00:50:14 +0000] "GET /js/app/appComponents/lol/services/championList.json HTTP/1.1" 304 - "http://localhost:9000/" "Mozilla/5.0 (Windows NT 6.1; Win64; x64) AppleWebKit/537.36 (KHTML, like Gecko) Chrome/46.0.2487.0 Safari/537.36"
::1 - - [08/Mar/2016:00:56:06 +0000] "GET / HTTP/1.1" 304 - "-" "Mozilla/5.0 (Windows NT 6.1; Win64; x64) AppleWebKit/537.36 (KHTML, like Gecko) Chrome/46.0.2487.0 Safari/537.36"
::1 - - [08/Mar/2016:00:56:06 +0000] "GET /js/require.config.js HTTP/1.1" 304 - "http://localhost:9000/" "Mozilla/5.0 (Windows NT 6.1; Win64; x64) AppleWebKit/537.36 (KHTML, like Gecko) Chrome/46.0.2487.0 Safari/537.36"
::1 - - [08/Mar/2016:00:56:06 +0000] "GET /js/app/main.js HTTP/1.1" 304 - "http://localhost:9000/" "Mozilla/5.0 (Windows NT 6.1; Win64; x64) AppleWebKit/537.36 (KHTML, like Gecko) Chrome/46.0.2487.0 Safari/537.36"
::1 - - [08/Mar/2016:00:56:06 +0000] "GET /js/app/app.module.js HTTP/1.1" 304 - "http://localhost:9000/" "Mozilla/5.0 (Windows NT 6.1; Win64; x64) AppleWebKit/537.36 (KHTML, like Gecko) Chrome/46.0.2487.0 Safari/537.36"
::1 - - [08/Mar/2016:00:56:06 +0000] "GET /js/app/appComponents/main.js HTTP/1.1" 304 - "http://localhost:9000/" "Mozilla/5.0 (Windows NT 6.1; Win64; x64) AppleWebKit/537.36 (KHTML, like Gecko) Chrome/46.0.2487.0 Safari/537.36"
::1 - - [08/Mar/2016:00:56:06 +0000] "GET /js/app/app.config.js HTTP/1.1" 304 - "http://localhost:9000/" "Mozilla/5.0 (Windows NT 6.1; Win64; x64) AppleWebKit/537.36 (KHTML, like Gecko) Chrome/46.0.2487.0 Safari/537.36"
::1 - - [08/Mar/2016:00:56:06 +0000] "GET /js/app/app.controller.js HTTP/1.1" 304 - "http://localhost:9000/" "Mozilla/5.0 (Windows NT 6.1; Win64; x64) AppleWebKit/537.36 (KHTML, like Gecko) Chrome/46.0.2487.0 Safari/537.36"
::1 - - [08/Mar/2016:00:56:06 +0000] "GET /js/bower_components/jquery/dist/jquery.js HTTP/1.1" 304 - "http://localhost:9000/" "Mozilla/5.0 (Windows NT 6.1; Win64; x64) AppleWebKit/537.36 (KHTML, like Gecko) Chrome/46.0.2487.0 Safari/537.36"
::1 - - [08/Mar/2016:00:56:06 +0000] "GET /js/app/appComponents/lol/main.js HTTP/1.1" 304 - "http://localhost:9000/" "Mozilla/5.0 (Windows NT 6.1; Win64; x64) AppleWebKit/537.36 (KHTML, like Gecko) Chrome/46.0.2487.0 Safari/537.36"
::1 - - [08/Mar/2016:00:56:06 +0000] "GET /js/app/appComponents/miniGame/main.js HTTP/1.1" 304 - "http://localhost:9000/" "Mozilla/5.0 (Windows NT 6.1; Win64; x64) AppleWebKit/537.36 (KHTML, like Gecko) Chrome/46.0.2487.0 Safari/537.36"
::1 - - [08/Mar/2016:00:56:06 +0000] "GET /js/bower_components/angular/angular.js HTTP/1.1" 304 - "http://localhost:9000/" "Mozilla/5.0 (Windows NT 6.1; Win64; x64) AppleWebKit/537.36 (KHTML, like Gecko) Chrome/46.0.2487.0 Safari/537.36"
::1 - - [08/Mar/2016:00:56:06 +0000] "GET /js/app/appComponents/lol/lol.module.js HTTP/1.1" 304 - "http://localhost:9000/" "Mozilla/5.0 (Windows NT 6.1; Win64; x64) AppleWebKit/537.36 (KHTML, like Gecko) Chrome/46.0.2487.0 Safari/537.36"
::1 - - [08/Mar/2016:00:56:06 +0000] "GET /js/app/appComponents/lol/lol.controller.js HTTP/1.1" 304 - "http://localhost:9000/" "Mozilla/5.0 (Windows NT 6.1; Win64; x64) AppleWebKit/537.36 (KHTML, like Gecko) Chrome/46.0.2487.0 Safari/537.36"
::1 - - [08/Mar/2016:00:56:06 +0000] "GET /js/app/appComponents/lol/services/champion.data.service.js HTTP/1.1" 304 - "http://localhost:9000/" "Mozilla/5.0 (Windows NT 6.1; Win64; x64) AppleWebKit/537.36 (KHTML, like Gecko) Chrome/46.0.2487.0 Safari/537.36"
::1 - - [08/Mar/2016:00:56:06 +0000] "GET /js/app/appComponents/miniGame/miniGame.module.js HTTP/1.1" 304 - "http://localhost:9000/" "Mozilla/5.0 (Windows NT 6.1; Win64; x64) AppleWebKit/537.36 (KHTML, like Gecko) Chrome/46.0.2487.0 Safari/537.36"
::1 - - [08/Mar/2016:00:56:06 +0000] "GET /js/app/appComponents/lol/services/game.data.service.js HTTP/1.1" 304 - "http://localhost:9000/" "Mozilla/5.0 (Windows NT 6.1; Win64; x64) AppleWebKit/537.36 (KHTML, like Gecko) Chrome/46.0.2487.0 Safari/537.36"
::1 - - [08/Mar/2016:00:56:06 +0000] "GET /js/app/appComponents/lol/directives/gameList.directive.js HTTP/1.1" 304 - "http://localhost:9000/" "Mozilla/5.0 (Windows NT 6.1; Win64; x64) AppleWebKit/537.36 (KHTML, like Gecko) Chrome/46.0.2487.0 Safari/537.36"
::1 - - [08/Mar/2016:00:56:06 +0000] "GET /js/app/appComponents/miniGame/miniGame.config.js HTTP/1.1" 304 - "http://localhost:9000/" "Mozilla/5.0 (Windows NT 6.1; Win64; x64) AppleWebKit/537.36 (KHTML, like Gecko) Chrome/46.0.2487.0 Safari/537.36"
::1 - - [08/Mar/2016:00:56:06 +0000] "GET /js/app/appComponents/miniGame/miniGame.controller.js HTTP/1.1" 304 - "http://localhost:9000/" "Mozilla/5.0 (Windows NT 6.1; Win64; x64) AppleWebKit/537.36 (KHTML, like Gecko) Chrome/46.0.2487.0 Safari/537.36"
::1 - - [08/Mar/2016:00:56:06 +0000] "GET /js/app/appComponents/miniGame/directives/fighter.directive.js HTTP/1.1" 304 - "http://localhost:9000/" "Mozilla/5.0 (Windows NT 6.1; Win64; x64) AppleWebKit/537.36 (KHTML, like Gecko) Chrome/46.0.2487.0 Safari/537.36"
::1 - - [08/Mar/2016:00:56:06 +0000] "GET /js/app/appComponents/miniGame/directives/clickDemo.directive.js HTTP/1.1" 304 - "http://localhost:9000/" "Mozilla/5.0 (Windows NT 6.1; Win64; x64) AppleWebKit/537.36 (KHTML, like Gecko) Chrome/46.0.2487.0 Safari/537.36"
::1 - - [08/Mar/2016:00:56:06 +0000] "GET /js/app/appComponents/miniGame/directives/tiling.directive.js HTTP/1.1" 304 - "http://localhost:9000/" "Mozilla/5.0 (Windows NT 6.1; Win64; x64) AppleWebKit/537.36 (KHTML, like Gecko) Chrome/46.0.2487.0 Safari/537.36"
::1 - - [08/Mar/2016:00:56:06 +0000] "GET /js/bower_components/angular-ui-router/release/angular-ui-router.js HTTP/1.1" 304 - "http://localhost:9000/" "Mozilla/5.0 (Windows NT 6.1; Win64; x64) AppleWebKit/537.36 (KHTML, like Gecko) Chrome/46.0.2487.0 Safari/537.36"
::1 - - [08/Mar/2016:00:56:06 +0000] "GET /js/thirdParty/pixi/pixi.min.js HTTP/1.1" 304 - "http://localhost:9000/" "Mozilla/5.0 (Windows NT 6.1; Win64; x64) AppleWebKit/537.36 (KHTML, like Gecko) Chrome/46.0.2487.0 Safari/537.36"
::1 - - [08/Mar/2016:00:56:06 +0000] "GET /js/app/views/main.html HTTP/1.1" 200 293 "http://localhost:9000/" "Mozilla/5.0 (Windows NT 6.1; Win64; x64) AppleWebKit/537.36 (KHTML, like Gecko) Chrome/46.0.2487.0 Safari/537.36"
